<?xml version="1.0" encoding="UTF-8"?>
<robot generator="Robot 6.1.1 (Python 3.11.6 on linux)" generated="20240123 16:29:28.124" rpa="false" schemaversion="4">
<suite id="s1" name="Monthlycontri" source="/home/buzzadmin/Documents/ESIC_BOT/login/robot_apps/Esic_Remittance/monthlycontri.robot">
<test id="s1-t1" name="Run Login Process Loop" line="56">
<kw name="Run Python Script">
<var>${username}</var>
<var>${password}</var>
<kw name="Run Process" library="Process">
<var>${result}</var>
<arg>${PYTHON_PATH}</arg>
<arg>credentials.py</arg>
<doc>Runs a process and waits for it to complete.</doc>
<msg timestamp="20240123 16:29:28.269" level="INFO">Starting process:
python3 credentials.py</msg>
<msg timestamp="20240123 16:29:28.272" level="INFO">Waiting for process to complete.</msg>
<msg timestamp="20240123 16:29:28.624" level="INFO">Process completed.</msg>
<msg timestamp="20240123 16:29:28.625" level="INFO">${result} = &lt;result object with rc 0&gt;</msg>
<status status="PASS" starttime="20240123 16:29:28.269" endtime="20240123 16:29:28.625"/>
</kw>
<kw name="Set Variable" library="BuiltIn">
<var>${output}</var>
<arg>${result.stdout.strip()}</arg>
<doc>Returns the given values which can then be assigned to a variables.</doc>
<msg timestamp="20240123 16:29:28.625" level="INFO">${output} = 51000855590001015, chen@123
53510855590011001, bang@123
35510855590011001, mumb@123
52510855590011015, Telangan@123
56510855590011015, coim@123
47510855590011015, kera@123
67510855590011015, noid@123
...</msg>
<status status="PASS" starttime="20240123 16:29:28.625" endtime="20240123 16:29:28.625"/>
</kw>
<kw name="Set Variable" library="BuiltIn">
<var>${username}</var>
<arg>${output.split(',')[0].strip()}</arg>
<doc>Returns the given values which can then be assigned to a variables.</doc>
<msg timestamp="20240123 16:29:28.626" level="INFO">${username} = 51000855590001015</msg>
<status status="PASS" starttime="20240123 16:29:28.625" endtime="20240123 16:29:28.626"/>
</kw>
<kw name="Set Variable" library="BuiltIn">
<var>${password}</var>
<arg>${output.split()[1].strip()}</arg>
<doc>Returns the given values which can then be assigned to a variables.</doc>
<msg timestamp="20240123 16:29:28.626" level="INFO">${password} = chen@123</msg>
<status status="PASS" starttime="20240123 16:29:28.626" endtime="20240123 16:29:28.626"/>
</kw>
<msg timestamp="20240123 16:29:28.626" level="INFO">${username} = 51000855590001015</msg>
<msg timestamp="20240123 16:29:28.626" level="INFO">${password} = chen@123</msg>
<status status="PASS" starttime="20240123 16:29:28.269" endtime="20240123 16:29:28.626"/>
</kw>
<kw name="Open Browser" library="RPA.Browser.Selenium">
<arg>${URL}</arg>
<arg>${BROWSER}</arg>
<doc>Opens a new browser instance to the optional ``url``.</doc>
<msg timestamp="20240123 16:29:28.627" level="INFO">Opening browser 'firefox' to base url 'https://www.esic.in/EmployerPortal/ESICInsurancePortal/Portal_Loginnew.aspx'.</msg>
<status status="PASS" starttime="20240123 16:29:28.626" endtime="20240123 16:29:31.777"/>
</kw>
<kw name="Maximize Browser Window" library="RPA.Browser.Selenium">
<doc>Maximizes current browser window.</doc>
<status status="PASS" starttime="20240123 16:29:31.778" endtime="20240123 16:29:31.779"/>
</kw>
<for flavor="IN RANGE">
<var>${attempt}</var>
<value>${MAX_LOGIN_ATTEMPTS}</value>
<iter>
<var name="${attempt}">0</var>
<kw name="Login Process">
<var>${current_url}</var>
<arg>${username}</arg>
<arg>${password}</arg>
<kw name="Wait Until Element Is Visible" library="RPA.Browser.Selenium">
<arg>id=txtUserName</arg>
<doc>Waits until the element ``locator`` is visible.</doc>
<status status="PASS" starttime="20240123 16:29:31.780" endtime="20240123 16:29:31.797"/>
</kw>
<kw name="Input Text" library="RPA.Browser.Selenium">
<arg>id=txtUserName</arg>
<arg>${username}</arg>
<doc>Types the given ``text`` into the text field identified by ``locator``.</doc>
<msg timestamp="20240123 16:29:31.798" level="INFO">Typing text '51000855590001015' into text field 'id=txtUserName'.</msg>
<status status="PASS" starttime="20240123 16:29:31.797" endtime="20240123 16:29:31.843"/>
</kw>
<kw name="Sleep" library="BuiltIn">
<arg>1s</arg>
<doc>Pauses the test executed for the given time.</doc>
<msg timestamp="20240123 16:29:32.843" level="INFO">Slept 1 second</msg>
<status status="PASS" starttime="20240123 16:29:31.843" endtime="20240123 16:29:32.843"/>
</kw>
<kw name="Log" library="BuiltIn">
<arg>${username}</arg>
<doc>Logs the given message with the given level.</doc>
<msg timestamp="20240123 16:29:32.844" level="INFO">51000855590001015</msg>
<status status="PASS" starttime="20240123 16:29:32.844" endtime="20240123 16:29:32.844"/>
</kw>
<kw name="Wait Until Element Is Visible" library="RPA.Browser.Selenium">
<arg>id=txtPassword</arg>
<doc>Waits until the element ``locator`` is visible.</doc>
<status status="PASS" starttime="20240123 16:29:32.845" endtime="20240123 16:29:32.866"/>
</kw>
<kw name="Input Password" library="RPA.Browser.Selenium">
<arg>id=txtPassword</arg>
<arg>${password}</arg>
<doc>Types the given password into the text field identified by ``locator``.</doc>
<msg timestamp="20240123 16:29:32.867" level="INFO">Typing password into text field 'id=txtPassword'.</msg>
<msg timestamp="20240123 16:29:32.871" level="INFO">Temporally setting log level to: NONE</msg>
<msg timestamp="20240123 16:29:32.879" level="INFO">Log level changed from NONE to INFO.</msg>
<status status="PASS" starttime="20240123 16:29:32.866" endtime="20240123 16:29:32.879"/>
</kw>
<kw name="Sleep" library="BuiltIn">
<arg>1s</arg>
<doc>Pauses the test executed for the given time.</doc>
<msg timestamp="20240123 16:29:33.880" level="INFO">Slept 1 second</msg>
<status status="PASS" starttime="20240123 16:29:32.879" endtime="20240123 16:29:33.881"/>
</kw>
<kw name="Log" library="BuiltIn">
<arg>${password}</arg>
<doc>Logs the given message with the given level.</doc>
<msg timestamp="20240123 16:29:33.882" level="INFO">chen@123</msg>
<status status="PASS" starttime="20240123 16:29:33.881" endtime="20240123 16:29:33.882"/>
</kw>
<kw name="Wait Until Element Is Visible" library="RPA.Browser.Selenium">
<arg>xpath=//*[@id='img1']</arg>
<doc>Waits until the element ``locator`` is visible.</doc>
<status status="PASS" starttime="20240123 16:29:33.882" endtime="20240123 16:29:33.904"/>
</kw>
<kw name="Capture Element Screenshot" library="RPA.Browser.Selenium">
<arg>xpath=//*[@id='img1']</arg>
<arg>${SCREENSHOT_FILE}</arg>
<doc>Captures a screenshot from the element identified by ``locator`` and embeds it into log file.</doc>
<msg timestamp="20240123 16:29:33.917" level="INFO" html="true">&lt;/td&gt;&lt;/tr&gt;&lt;tr&gt;&lt;td colspan="3"&gt;&lt;a href="screenshot.png"&gt;&lt;img src="screenshot.png" width="400px"&gt;&lt;/a&gt;</msg>
<status status="PASS" starttime="20240123 16:29:33.904" endtime="20240123 16:29:33.917"/>
</kw>
<kw name="Run Process" library="Process">
<var>${text_from_python_script}</var>
<arg>${PYTHON_PATH}</arg>
<arg>extract_text.py</arg>
<doc>Runs a process and waits for it to complete.</doc>
<msg timestamp="20240123 16:29:33.917" level="INFO">Starting process:
python3 extract_text.py</msg>
<msg timestamp="20240123 16:29:33.920" level="INFO">Waiting for process to complete.</msg>
<msg timestamp="20240123 16:29:34.025" level="INFO">Process completed.</msg>
<msg timestamp="20240123 16:29:34.026" level="INFO">${text_from_python_script} = &lt;result object with rc 0&gt;</msg>
<status status="PASS" starttime="20240123 16:29:33.917" endtime="20240123 16:29:34.026"/>
</kw>
<kw name="Get File" library="OperatingSystem">
<var>${file_content}</var>
<arg>${CAPTCH_TEXT_FILE}</arg>
<doc>Returns the contents of a specified file.</doc>
<msg timestamp="20240123 16:29:34.026" level="INFO" html="true">Getting file '&lt;a href="file:///home/buzzadmin/Documents/ESIC_BOT/login/robot_apps/Esic_Remittance/cleaned_text.txt"&gt;/home/buzzadmin/Documents/ESIC_BOT/login/robot_apps/Esic_Remittance/cleaned_text.txt&lt;/a&gt;'.</msg>
<msg timestamp="20240123 16:29:34.026" level="INFO">${file_content} = 8b1d0a8d</msg>
<status status="PASS" starttime="20240123 16:29:34.026" endtime="20240123 16:29:34.026"/>
</kw>
<kw name="Log" library="BuiltIn">
<arg>File Content: ${file_content}</arg>
<doc>Logs the given message with the given level.</doc>
<msg timestamp="20240123 16:29:34.026" level="INFO">File Content: 8b1d0a8d</msg>
<status status="PASS" starttime="20240123 16:29:34.026" endtime="20240123 16:29:34.026"/>
</kw>
<kw name="Input Text" library="RPA.Browser.Selenium">
<arg>id=txtChallanCaptcha</arg>
<arg>${file_content}</arg>
<doc>Types the given ``text`` into the text field identified by ``locator``.</doc>
<msg timestamp="20240123 16:29:34.027" level="INFO">Typing text '8b1d0a8d' into text field 'id=txtChallanCaptcha'.</msg>
<status status="PASS" starttime="20240123 16:29:34.027" endtime="20240123 16:29:34.040"/>
</kw>
<kw name="Click Button" library="RPA.Browser.Selenium">
<arg>xpath://*[@id="btnLogin"]</arg>
<doc>Clicks the button identified by ``locator``.</doc>
<msg timestamp="20240123 16:29:34.041" level="INFO">Clicking button 'xpath://*[@id="btnLogin"]'.</msg>
<status status="PASS" starttime="20240123 16:29:34.040" endtime="20240123 16:29:36.271"/>
</kw>
<kw name="Get Location" library="RPA.Browser.Selenium">
<var>${current_url}</var>
<doc>Returns the current browser window URL.</doc>
<msg timestamp="20240123 16:29:36.272" level="INFO">${current_url} = https://www.esic.in/InsuranceGlobalWebV3/ESICInsurancePortal/PortalHome.aspx?UserName=WMoSpjgJ/2mESaSQP7EOKp+15Y1mmmfB&amp;lupk=lgRNVnExd59gbWkZpREoGA==&amp;to=&amp;ipaddress=p9mQoiHg84x8rh0vgALicQ==</msg>
<status status="PASS" starttime="20240123 16:29:36.271" endtime="20240123 16:29:36.272"/>
</kw>
<kw name="Log" library="BuiltIn">
<arg>Current URL: ${current_url}</arg>
<doc>Logs the given message with the given level.</doc>
<msg timestamp="20240123 16:29:36.272" level="INFO">Current URL: https://www.esic.in/InsuranceGlobalWebV3/ESICInsurancePortal/PortalHome.aspx?UserName=WMoSpjgJ/2mESaSQP7EOKp+15Y1mmmfB&amp;lupk=lgRNVnExd59gbWkZpREoGA==&amp;to=&amp;ipaddress=p9mQoiHg84x8rh0vgALicQ==</msg>
<status status="PASS" starttime="20240123 16:29:36.272" endtime="20240123 16:29:36.272"/>
</kw>
<msg timestamp="20240123 16:29:36.272" level="INFO">${current_url} = https://www.esic.in/InsuranceGlobalWebV3/ESICInsurancePortal/PortalHome.aspx?UserName=WMoSpjgJ/2mESaSQP7EOKp+15Y1mmmfB&amp;lupk=lgRNVnExd59gbWkZpREoGA==&amp;to=&amp;ipaddress=p9mQoiHg84x8rh0vgALicQ==</msg>
<status status="PASS" starttime="20240123 16:29:31.779" endtime="20240123 16:29:36.272"/>
</kw>
<kw name="Run Keyword If" library="BuiltIn">
<arg>'${current_url}' == 'https://www.esic.in/EmployerPortal/ESICInsurancePortal/Portal_Loginnew.aspx'</arg>
<arg>Log</arg>
<arg>Login attempt ${attempt + 1} failed. Retrying...</arg>
<arg>ELSE</arg>
<arg>Log</arg>
<arg>Login successful. Exiting the loop.</arg>
<doc>Runs the given keyword with the given arguments, if ``condition`` is true.</doc>
<kw name="Log" library="BuiltIn">
<arg>Login successful. Exiting the loop.</arg>
<doc>Logs the given message with the given level.</doc>
<msg timestamp="20240123 16:29:36.273" level="INFO">Login successful. Exiting the loop.</msg>
<status status="PASS" starttime="20240123 16:29:36.273" endtime="20240123 16:29:36.273"/>
</kw>
<status status="PASS" starttime="20240123 16:29:36.273" endtime="20240123 16:29:36.273"/>
</kw>
<kw name="Run Keyword If" library="BuiltIn">
<arg>'${current_url}' != 'https://www.esic.in/EmployerPortal/ESICInsurancePortal/Portal_Loginnew.aspx'</arg>
<arg>Exit For Loop</arg>
<doc>Runs the given keyword with the given arguments, if ``condition`` is true.</doc>
<kw name="Exit For Loop" library="BuiltIn">
<doc>Stops executing the enclosing FOR loop.</doc>
<msg timestamp="20240123 16:29:36.273" level="INFO">Exiting for loop altogether.</msg>
<status status="PASS" starttime="20240123 16:29:36.273" endtime="20240123 16:29:36.273"/>
</kw>
<status status="PASS" starttime="20240123 16:29:36.273" endtime="20240123 16:29:36.273"/>
</kw>
<status status="PASS" starttime="20240123 16:29:31.779" endtime="20240123 16:29:36.273"/>
</iter>
<status status="PASS" starttime="20240123 16:29:31.779" endtime="20240123 16:29:36.273"/>
</for>
<kw name="Click Element If Visible" library="RPA.Browser.Selenium">
<var>${div1_close_visible}</var>
<arg>xpath://*[@id="div1_close"]</arg>
<doc>Click element if it is visible</doc>
<msg timestamp="20240123 16:29:36.287" level="INFO">Element 'xpath://*[@id="div1_close"]' is displayed.</msg>
<msg timestamp="20240123 16:29:36.287" level="INFO">Clicking element 'xpath://*[@id="div1_close"]'.</msg>
<msg timestamp="20240123 16:29:36.500" level="INFO">${div1_close_visible} = None</msg>
<status status="PASS" starttime="20240123 16:29:36.273" endtime="20240123 16:29:36.500"/>
</kw>
<kw name="Click Element If Visible" library="RPA.Browser.Selenium">
<var>${btnpnlSanjeevanicolse_visible}</var>
<arg>xpath://*[@id="btnpnlSanjeevanicolse"]</arg>
<doc>Click element if it is visible</doc>
<msg timestamp="20240123 16:29:36.515" level="INFO">Element 'xpath://*[@id="btnpnlSanjeevanicolse"]' is displayed.</msg>
<msg timestamp="20240123 16:29:36.515" level="INFO">Clicking element 'xpath://*[@id="btnpnlSanjeevanicolse"]'.</msg>
<msg timestamp="20240123 16:29:36.726" level="INFO">${btnpnlSanjeevanicolse_visible} = None</msg>
<status status="PASS" starttime="20240123 16:29:36.500" endtime="20240123 16:29:36.726"/>
</kw>
<kw name="Click Element If Visible" library="RPA.Browser.Selenium">
<var>${btnpnlcolse_visible}</var>
<arg>xpath://*[@id="btnpnlcolse"]</arg>
<doc>Click element if it is visible</doc>
<msg timestamp="20240123 16:29:36.748" level="INFO">Element 'xpath://*[@id="btnpnlcolse"]' is displayed.</msg>
<msg timestamp="20240123 16:29:36.748" level="INFO">Clicking element 'xpath://*[@id="btnpnlcolse"]'.</msg>
<msg timestamp="20240123 16:29:36.971" level="INFO">${btnpnlcolse_visible} = None</msg>
<status status="PASS" starttime="20240123 16:29:36.727" endtime="20240123 16:29:36.971"/>
</kw>
<kw name="Click Element If Visible" library="RPA.Browser.Selenium">
<var>${btnpnlPwdcolse_visible}</var>
<arg>xpath://*[@id="btnpnlPwdcolse"]</arg>
<doc>Click element if it is visible</doc>
<msg timestamp="20240123 16:29:36.998" level="INFO">Element 'xpath://*[@id="btnpnlPwdcolse"]' is displayed.</msg>
<msg timestamp="20240123 16:29:36.998" level="INFO">Clicking element 'xpath://*[@id="btnpnlPwdcolse"]'.</msg>
<msg timestamp="20240123 16:29:37.208" level="INFO">${btnpnlPwdcolse_visible} = None</msg>
<status status="PASS" starttime="20240123 16:29:36.972" endtime="20240123 16:29:37.208"/>
</kw>
<kw name="Run Keyword If" library="BuiltIn">
<arg>'${div1_close_visible}' == 'True'</arg>
<arg>Click Button</arg>
<arg>xpath://*[@id="div1_close"]</arg>
<doc>Runs the given keyword with the given arguments, if ``condition`` is true.</doc>
<status status="PASS" starttime="20240123 16:29:37.209" endtime="20240123 16:29:37.209"/>
</kw>
<kw name="Run Keyword If" library="BuiltIn">
<arg>'${btnpnlSanjeevanicolse_visible}' == 'True'</arg>
<arg>Click Button</arg>
<arg>xpath://*[@id="btnpnlSanjeevanicolse"]</arg>
<doc>Runs the given keyword with the given arguments, if ``condition`` is true.</doc>
<status status="PASS" starttime="20240123 16:29:37.210" endtime="20240123 16:29:37.210"/>
</kw>
<kw name="Run Keyword If" library="BuiltIn">
<arg>'${btnpnlcolse_visible}' == 'True'</arg>
<arg>Click Button</arg>
<arg>xpath://*[@id="btnpnlcolse"]</arg>
<doc>Runs the given keyword with the given arguments, if ``condition`` is true.</doc>
<status status="PASS" starttime="20240123 16:29:37.210" endtime="20240123 16:29:37.210"/>
</kw>
<kw name="Run Keyword If" library="BuiltIn">
<arg>'${btnpnlPwdcolse_visible}' == 'True'</arg>
<arg>Click Button</arg>
<arg>xpath://*[@id="btnpnlPwdcolse"]</arg>
<doc>Runs the given keyword with the given arguments, if ``condition`` is true.</doc>
<status status="PASS" starttime="20240123 16:29:37.211" endtime="20240123 16:29:37.211"/>
</kw>
<kw name="Click Element If Visible" library="RPA.Browser.Selenium">
<arg>id=lnkMonthlyContribution</arg>
<doc>Click element if it is visible</doc>
<msg timestamp="20240123 16:29:37.231" level="INFO">Element 'id=lnkMonthlyContribution' is displayed.</msg>
<msg timestamp="20240123 16:29:37.231" level="INFO">Clicking element 'id=lnkMonthlyContribution'.</msg>
<status status="PASS" starttime="20240123 16:29:37.211" endtime="20240123 16:29:37.351"/>
</kw>
<kw name="Sleep" library="BuiltIn">
<arg>5s</arg>
<doc>Pauses the test executed for the given time.</doc>
<msg timestamp="20240123 16:29:42.352" level="INFO">Slept 5 seconds</msg>
<status status="PASS" starttime="20240123 16:29:37.351" endtime="20240123 16:29:42.352"/>
</kw>
<kw name="Get Window Handles" library="RPA.Browser.Selenium">
<doc>Returns all child window handles of the selected browser as a list.</doc>
<status status="PASS" starttime="20240123 16:29:42.353" endtime="20240123 16:29:42.361"/>
</kw>
<kw name="Press Keys" library="RPA.Desktop">
<arg>ENTER</arg>
<doc>Press multiple keys down simultaneously.</doc>
<msg timestamp="20240123 16:29:42.362" level="INFO">Pressing keys: Key.enter</msg>
<status status="PASS" starttime="20240123 16:29:42.362" endtime="20240123 16:29:42.365"/>
</kw>
<kw name="Sleep" library="BuiltIn">
<arg>2s</arg>
<doc>Pauses the test executed for the given time.</doc>
<msg timestamp="20240123 16:29:44.366" level="INFO">Slept 2 seconds</msg>
<status status="PASS" starttime="20240123 16:29:42.365" endtime="20240123 16:29:44.366"/>
</kw>
<kw name="Switch To Another New Window">
<kw name="Get Window Handles" library="RPA.Browser.Selenium">
<var>${window_handles}</var>
<doc>Returns all child window handles of the selected browser as a list.</doc>
<msg timestamp="20240123 16:29:44.372" level="INFO">${window_handles} = ['0eb8ee36-096b-4200-8392-fcfacf2edeec', 'bb56777a-26ac-45f2-838c-c6ab9772eb75']</msg>
<status status="PASS" starttime="20240123 16:29:44.367" endtime="20240123 16:29:44.372"/>
</kw>
<kw name="Evaluate" library="BuiltIn">
<var>${new_window_index}</var>
<arg>len(${window_handles}) - 1</arg>
<doc>Evaluates the given expression in Python and returns the result.</doc>
<msg timestamp="20240123 16:29:44.373" level="INFO">${new_window_index} = 1</msg>
<status status="PASS" starttime="20240123 16:29:44.372" endtime="20240123 16:29:44.373"/>
</kw>
<kw name="Switch Window" library="RPA.Browser.Selenium">
<arg>${window_handles}[${new_window_index}]</arg>
<doc>Switches to browser window matching ``locator``.</doc>
<status status="PASS" starttime="20240123 16:29:44.373" endtime="20240123 16:29:44.405"/>
</kw>
<status status="PASS" starttime="20240123 16:29:44.367" endtime="20240123 16:29:44.405"/>
</kw>
<kw name="Click Element" library="RPA.Browser.Selenium">
<arg>xpath://*[@id="ctl00_HomePageContent_CtrlDdlMcMonth"]</arg>
<doc>Click the element identified by ``locator``.</doc>
<msg timestamp="20240123 16:29:44.406" level="INFO">Clicking element 'xpath://*[@id="ctl00_HomePageContent_CtrlDdlMcMonth"]'.</msg>
<status status="PASS" starttime="20240123 16:29:44.405" endtime="20240123 16:29:44.657"/>
</kw>
<kw name="Click Element" library="RPA.Browser.Selenium">
<arg>xpath:/html/body/form/div[3]/table[2]/tbody/tr[2]/td/div/table[2]/tbody/tr/td/div/table[1]/tbody/tr[3]/td[2]/select[1]/option[13]</arg>
<doc>Click the element identified by ``locator``.</doc>
<msg timestamp="20240123 16:29:44.658" level="INFO">Clicking element 'xpath:/html/body/form/div[3]/table[2]/tbody/tr[2]/td/div/table[2]/tbody/tr/td/div/table[1]/tbody/tr[3]/td[2]/select[1]/option[13]'.</msg>
<status status="PASS" starttime="20240123 16:29:44.658" endtime="20240123 16:29:44.893"/>
</kw>
<kw name="Click Element" library="RPA.Browser.Selenium">
<arg>xpath://*[@id="ctl00_HomePageContent_CtrlDdlMcYear"]</arg>
<doc>Click the element identified by ``locator``.</doc>
<msg timestamp="20240123 16:29:44.894" level="INFO">Clicking element 'xpath://*[@id="ctl00_HomePageContent_CtrlDdlMcYear"]'.</msg>
<status status="PASS" starttime="20240123 16:29:44.894" endtime="20240123 16:29:45.129"/>
</kw>
<kw name="Click Element" library="RPA.Browser.Selenium">
<arg>xpath:/html/body/form/div[3]/table[2]/tbody/tr[2]/td/div/table[2]/tbody/tr/td/div/table[1]/tbody/tr[3]/td[2]/select[2]/option[3]</arg>
<doc>Click the element identified by ``locator``.</doc>
<msg timestamp="20240123 16:29:45.130" level="INFO">Clicking element 'xpath:/html/body/form/div[3]/table[2]/tbody/tr[2]/td/div/table[2]/tbody/tr/td/div/table[1]/tbody/tr[3]/td[2]/select[2]/option[3]'.</msg>
<status status="PASS" starttime="20240123 16:29:45.130" endtime="20240123 16:29:45.345"/>
</kw>
<kw name="Click Element" library="RPA.Browser.Selenium">
<arg>xpath://*[@id="ctl00_HomePageContent_CntrlUploadLink"]</arg>
<doc>Click the element identified by ``locator``.</doc>
<msg timestamp="20240123 16:29:45.346" level="INFO">Clicking element 'xpath://*[@id="ctl00_HomePageContent_CntrlUploadLink"]'.</msg>
<status status="PASS" starttime="20240123 16:29:45.346" endtime="20240123 16:29:45.564"/>
</kw>
<kw name="Switch To Another New Window">
<kw name="Get Window Handles" library="RPA.Browser.Selenium">
<var>${window_handles}</var>
<doc>Returns all child window handles of the selected browser as a list.</doc>
<msg timestamp="20240123 16:29:45.569" level="INFO">${window_handles} = ['0eb8ee36-096b-4200-8392-fcfacf2edeec', 'bb56777a-26ac-45f2-838c-c6ab9772eb75']</msg>
<status status="PASS" starttime="20240123 16:29:45.565" endtime="20240123 16:29:45.569"/>
</kw>
<kw name="Evaluate" library="BuiltIn">
<var>${new_window_index}</var>
<arg>len(${window_handles}) - 1</arg>
<doc>Evaluates the given expression in Python and returns the result.</doc>
<msg timestamp="20240123 16:29:45.569" level="INFO">${new_window_index} = 1</msg>
<status status="PASS" starttime="20240123 16:29:45.569" endtime="20240123 16:29:45.569"/>
</kw>
<kw name="Switch Window" library="RPA.Browser.Selenium">
<arg>${window_handles}[${new_window_index}]</arg>
<doc>Switches to browser window matching ``locator``.</doc>
<status status="PASS" starttime="20240123 16:29:45.569" endtime="20240123 16:29:45.600"/>
</kw>
<status status="PASS" starttime="20240123 16:29:45.564" endtime="20240123 16:29:45.600"/>
</kw>
<status status="PASS" starttime="20240123 16:29:28.269" endtime="20240123 16:29:45.600"/>
</test>
<status status="PASS" starttime="20240123 16:29:28.124" endtime="20240123 16:29:45.601"/>
</suite>
<statistics>
<total>
<stat pass="1" fail="0" skip="0">All Tests</stat>
</total>
<tag>
</tag>
<suite>
<stat pass="1" fail="0" skip="0" id="s1" name="Monthlycontri">Monthlycontri</stat>
</suite>
</statistics>
<errors>
</errors>
</robot>
