<?xml version="1.0" encoding="UTF-8"?>
<robot generator="Robot 6.1.1 (Python 3.11.6 on linux)" generated="20240124 15:35:21.303" rpa="false" schemaversion="4">
<suite id="s1" name="Main" source="/home/buzzadmin/Documents/ESIC_BOT/login/robot_apps/PT_filling/PT-Surat/main.robot">
<test id="s1-t1" name="Login surat" line="15">
<kw name="Open Browser" library="RPA.Browser.Selenium">
<arg>${URL}</arg>
<arg>${BROWSER}</arg>
<doc>Opens a new browser instance to the optional ``url``.</doc>
<msg timestamp="20240124 15:35:21.415" level="INFO">Opening browser 'chrome' to base url 'https://www.suratmunicipal.gov.in/OnlineServices/Home/LogIn'.</msg>
<status status="PASS" starttime="20240124 15:35:21.415" endtime="20240124 15:35:23.376"/>
</kw>
<kw name="Maximize Browser Window" library="RPA.Browser.Selenium">
<doc>Maximizes current browser window.</doc>
<status status="PASS" starttime="20240124 15:35:23.377" endtime="20240124 15:35:23.483"/>
</kw>
<status status="PASS" starttime="20240124 15:35:21.415" endtime="20240124 15:35:23.484"/>
</test>
<status status="PASS" starttime="20240124 15:35:21.303" endtime="20240124 15:35:23.485"/>
</suite>
<statistics>
<total>
<stat pass="1" fail="0" skip="0">All Tests</stat>
</total>
<tag>
</tag>
<suite>
<stat pass="1" fail="0" skip="0" id="s1" name="Main">Main</stat>
</suite>
</statistics>
<errors>
</errors>
</robot>
